<?xml version="1.0" encoding="UTF-8"?>
<!-- Generated by org.testng.reporters.JUnitReportReporter -->
<testsuite hostname="DESKTOP-5HC4LJV" name="com.demo.test.LoadTest02" tests="1" failures="0" timestamp="23 Nov 2019 09:09:26 GMT" time="1.111" errors="0">
  <testcase name="verifyGooglePageTittle" time="1.111" classname="com.demo.test.LoadTest02"/>
</testsuite> <!-- com.demo.test.LoadTest02 -->
