<?xml version="1.0" encoding="UTF-8"?>
<!-- Generated by org.testng.reporters.JUnitReportReporter -->
<testsuite hostname="DESKTOP-5HC4LJV" name="com.demo.test.GoogleHomePageTitle" tests="1" failures="0" timestamp="23 Nov 2019 09:09:26 GMT" time="1.190" errors="0">
  <testcase name="verifyGooglePageTittle" time="1.190" classname="com.demo.test.GoogleHomePageTitle"/>
</testsuite> <!-- com.demo.test.GoogleHomePageTitle -->
