<?xml version="1.0" encoding="UTF-8"?>
<!-- Generated by org.testng.reporters.JUnitReportReporter -->
<testsuite hostname="DESKTOP-5HC4LJV" name="com.demo.test.LoadTest01" tests="1" failures="0" timestamp="23 Nov 2019 09:09:25 GMT" time="1.342" errors="0">
  <testcase name="verifySearchButton" time="1.342" classname="com.demo.test.LoadTest01"/>
</testsuite> <!-- com.demo.test.LoadTest01 -->
